<?xml version="1.0" encoding="UTF-8"?>
<!-- Generated by org.testng.reporters.JUnitReportReporter -->
<testsuite skipped="0" hostname="Nitin" name="com.as.test.DemoAjenkinss" tests="2" failures="0" timestamp="2020-09-14T13:06:19 IST" time="292.872" errors="0">
  <testcase name="testSearchBox" time="106.351" classname="com.as.test.DemoAjenkinss"/>
  <testcase name="testBrowser" time="186.521" classname="com.as.test.DemoAjenkinss"/>
</testsuite> <!-- com.as.test.DemoAjenkinss -->
